<?xml version="1.0" encoding="UTF-8"?>
<testng-results skipped="0" failed="0" total="1" passed="1">
  <reporter-output>
  </reporter-output>
  <suite name="Default suite" duration-ms="10500" started-at="2016-06-25T10:25:44Z" finished-at="2016-06-25T10:25:54Z">
    <groups>
    </groups>
    <test name="Default test" duration-ms="10500" started-at="2016-06-25T10:25:44Z" finished-at="2016-06-25T10:25:54Z">
      <class name="TestCases.NewTest_Login">
        <test-method status="PASS" signature="beforeMethod()[pri:0, instance:TestCases.NewTest_Login@fbd816]" name="beforeMethod" is-config="true" duration-ms="7890" started-at="2016-06-25T15:55:44Z" finished-at="2016-06-25T15:55:52Z">
          <reporter-output>
          </reporter-output>
        </test-method> <!-- beforeMethod -->
        <test-method status="PASS" signature="testLogin()[pri:0, instance:TestCases.NewTest_Login@fbd816]" name="testLogin" duration-ms="281" started-at="2016-06-25T15:55:52Z" finished-at="2016-06-25T15:55:52Z">
          <reporter-output>
          </reporter-output>
        </test-method> <!-- testLogin -->
        <test-method status="PASS" signature="afterMethod()[pri:0, instance:TestCases.NewTest_Login@fbd816]" name="afterMethod" is-config="true" duration-ms="2315" started-at="2016-06-25T15:55:52Z" finished-at="2016-06-25T15:55:54Z">
          <reporter-output>
          </reporter-output>
        </test-method> <!-- afterMethod -->
      </class> <!-- TestCases.NewTest_Login -->
    </test> <!-- Default test -->
  </suite> <!-- Default suite -->
</testng-results>
