<?xml version="1.0" encoding="UTF-8"?>
<testng-results skipped="0" failed="0" total="1" passed="1">
  <reporter-output>
  </reporter-output>
  <suite name="Default suite" duration-ms="17316" started-at="2016-09-12T11:55:25Z" finished-at="2016-09-12T11:55:42Z">
    <groups>
    </groups>
    <test name="Default test" duration-ms="17316" started-at="2016-09-12T11:55:25Z" finished-at="2016-09-12T11:55:42Z">
      <class name="TestCases.AddOrganization">
        <test-method status="PASS" signature="beforeMethod()[pri:0, instance:TestCases.AddOrganization@16d4b5c]" name="beforeMethod" is-config="true" duration-ms="16342" started-at="2016-09-12T17:25:25Z" finished-at="2016-09-12T17:25:41Z">
          <reporter-output>
          </reporter-output>
        </test-method> <!-- beforeMethod -->
        <test-method status="PASS" signature="addDuplicateOrg()[pri:0, instance:TestCases.AddOrganization@16d4b5c]" name="addDuplicateOrg" duration-ms="958" started-at="2016-09-12T17:25:41Z" finished-at="2016-09-12T17:25:42Z">
          <reporter-output>
          </reporter-output>
        </test-method> <!-- addDuplicateOrg -->
        <test-method status="PASS" signature="afterMethod()[pri:0, instance:TestCases.AddOrganization@16d4b5c]" name="afterMethod" is-config="true" duration-ms="0" started-at="2016-09-12T17:25:42Z" finished-at="2016-09-12T17:25:42Z">
          <reporter-output>
          </reporter-output>
        </test-method> <!-- afterMethod -->
      </class> <!-- TestCases.AddOrganization -->
    </test> <!-- Default test -->
  </suite> <!-- Default suite -->
</testng-results>
